<?xml version="1.0" encoding="UTF-8"?>
<!-- Generated by org.testng.reporters.JUnitReportReporter -->
<testsuite hostname="IN1-1019286LT" name="mar17.Demo1" tests="2" failures="0" timestamp="17 Mar 2021 04:01:40 GMT" time="0.081" errors="0">
  <testcase name="test2" time="0.019" classname="mar17.Demo1"/>
  <testcase name="test1" time="0.062" classname="mar17.Demo1"/>
</testsuite> <!-- mar17.Demo1 -->
