<?xml version="1.0" encoding="UTF-8"?>
<!-- Generated by org.testng.reporters.JUnitReportReporter -->
<testsuite hostname="IN1-1019286LT" name="testcases.WriteDataInto_a_LogFile" tests="1" failures="0" timestamp="24 Mar 2021 04:46:51 GMT" time="0.065" errors="0">
  <testcase name="Print" time="0.065" classname="testcases.WriteDataInto_a_LogFile"/>
</testsuite> <!-- testcases.WriteDataInto_a_LogFile -->
