<?xml version="1.0" encoding="UTF-8"?>
<!-- Generated by org.testng.reporters.JUnitReportReporter -->
<testsuite hostname="IN1-1019286LT" name="mar17.Demo6" tests="2" failures="0" timestamp="17 Mar 2021 05:08:20 GMT" time="34.874" errors="0">
  <testcase name="test2" time="19.439" classname="mar17.Demo6"/>
  <testcase name="test" time="15.435" classname="mar17.Demo6"/>
</testsuite> <!-- mar17.Demo6 -->
