<?xml version="1.0" encoding="UTF-8"?>
<!-- Generated by org.testng.reporters.JUnitReportReporter -->
<testsuite hostname="IN1-1019286LT" name="mar18.Demo2_Priority" tests="3" failures="0" timestamp="18 Mar 2021 03:54:42 GMT" time="51.903" errors="0">
  <testcase name="test2" time="19.800" classname="mar18.Demo2_Priority"/>
  <testcase name="test" time="16.818" classname="mar18.Demo2_Priority"/>
  <testcase name="clickOnContactUs" time="15.285" classname="mar18.Demo2_Priority"/>
</testsuite> <!-- mar18.Demo2_Priority -->
