<?xml version="1.0" encoding="UTF-8"?>
<!-- Generated by org.testng.reporters.JUnitReportReporter -->
<testsuite hostname="IN1-1019286LT" name="mar18.Demo1" tests="3" failures="0" timestamp="18 Mar 2021 03:46:48 GMT" time="52.543" errors="0">
  <testcase name="test2" time="20.180" classname="mar18.Demo1"/>
  <testcase name="test" time="16.429" classname="mar18.Demo1"/>
  <testcase name="clickOnContactUs" time="15.934" classname="mar18.Demo1"/>
</testsuite> <!-- mar18.Demo1 -->
