<?xml version="1.0" encoding="UTF-8"?>
<!-- Generated by org.testng.reporters.JUnitReportReporter -->
<testsuite hostname="IN1-1019286LT" name="mar17.Demo3" tests="3" failures="0" timestamp="17 Mar 2021 04:39:47 GMT" time="0.061" errors="0">
  <testcase name="test1" time="0.053" classname="mar17.Demo3"/>
  <testcase name="test2" time="0.004" classname="mar17.Demo3"/>
  <testcase name="test3" time="0.004" classname="mar17.Demo3"/>
</testsuite> <!-- mar17.Demo3 -->
