<?xml version="1.0" encoding="UTF-8"?>
<!-- Generated by org.testng.reporters.JUnitReportReporter -->
<testsuite hostname="IN1-1019286LT" name="mar17.Demo4" tests="2" failures="0" timestamp="17 Mar 2021 04:39:47 GMT" time="0.014" errors="0">
  <testcase name="test2" time="0.005" classname="mar17.Demo4"/>
  <testcase name="test1" time="0.009" classname="mar17.Demo4"/>
</testsuite> <!-- mar17.Demo4 -->
