<?xml version="1.0" encoding="UTF-8"?>
<!-- Generated by org.testng.reporters.JUnitReportReporter -->
<testsuite hostname="IN1-1019286LT" name="testcases.LogTest" tests="2" failures="0" timestamp="30 Mar 2021 04:05:40 GMT" time="21.820" errors="0">
  <testcase name="Login_01" time="10.509" classname="testcases.LogTest"/>
  <testcase name="Login_02" time="11.311" classname="testcases.LogTest"/>
</testsuite> <!-- testcases.LogTest -->
