<?xml version="1.0" encoding="UTF-8"?>
<!-- Generated by org.testng.reporters.JUnitReportReporter -->
<testsuite hostname="IN1-1019286LT" name="mar18.Demo3_EnableDisable" tests="2" failures="0" timestamp="18 Mar 2021 03:59:55 GMT" time="35.283" errors="0">
  <testcase name="test" time="16.038" classname="mar18.Demo3_EnableDisable"/>
  <testcase name="clickOnContactUs" time="19.245" classname="mar18.Demo3_EnableDisable"/>
</testsuite> <!-- mar18.Demo3_EnableDisable -->
