<?xml version="1.0" encoding="UTF-8"?>
<!-- Generated by org.testng.reporters.JUnitReportReporter -->
<testsuite hostname="IN1-1019286LT" name="testcases.TestExcelData" tests="1" failures="0" timestamp="24 Mar 2021 04:17:50 GMT" time="31.645" errors="0">
  <testcase name="readExcel" time="31.645" classname="testcases.TestExcelData"/>
</testsuite> <!-- testcases.TestExcelData -->
