<?xml version="1.0" encoding="UTF-8"?>
<!-- Generated by org.testng.reporters.JUnitReportReporter -->
<testsuite hostname="IN1-1019286LT" name="mar17.Demo2" tests="2" failures="0" timestamp="17 Mar 2021 04:09:13 GMT" time="0.028" errors="0">
  <testcase name="test1" time="0.023" classname="mar17.Demo2"/>
  <testcase name="test2" time="0.005" classname="mar17.Demo2"/>
</testsuite> <!-- mar17.Demo2 -->
