<?xml version="1.0" encoding="UTF-8"?>
<!-- Generated by org.testng.reporters.JUnitReportReporter -->
<testsuite hostname="IN1-1019286LT" name="mar17.Demo5" tests="2" failures="0" timestamp="17 Mar 2021 04:39:47 GMT" time="0.043" errors="0">
  <testcase name="test1" time="0.036" classname="mar17.Demo5"/>
  <testcase name="test2" time="0.007" classname="mar17.Demo5"/>
</testsuite> <!-- mar17.Demo5 -->
