<?xml version="1.0" encoding="UTF-8"?>
<!-- Generated by org.testng.reporters.JUnitReportReporter -->
<testsuite hostname="IN1-1019286LT" name="mar16.Demo" tests="2" failures="0" timestamp="16 Mar 2021 04:42:55 GMT" time="0.047" errors="0">
  <testcase name="fun" time="0.043" classname="mar16.Demo"/>
  <testcase name="fun2" time="0.004" classname="mar16.Demo"/>
</testsuite> <!-- mar16.Demo -->
