<?xml version="1.0" encoding="UTF-8"?>
<!-- Generated by org.testng.reporters.JUnitReportReporter -->
<testsuite skipped="0" hostname="IN1-1019286LT" name="testcases.LogTest" tests="2" failures="0" timestamp="09 Apr 2021 04:52:28 GMT" time="21.620" errors="0">
  <testcase name="Login_01" time="11.156" classname="testcases.LogTest"/>
  <testcase name="Login_02" time="10.464" classname="testcases.LogTest"/>
</testsuite> <!-- testcases.LogTest -->
