<?xml version="1.0" encoding="UTF-8"?>
<!-- Generated by org.testng.reporters.JUnitReportReporter -->
<testsuite skipped="0" hostname="IN1-1019286LT" name="testcases.SignInWithExcelData" tests="1" failures="0" timestamp="09 Apr 2021 05:05:08 GMT" time="21.598" errors="0">
  <testcase name="LoginTestcase_01" time="21.598" classname="testcases.SignInWithExcelData"/>
</testsuite> <!-- testcases.SignInWithExcelData -->
